{
  "RSpec": {
    "coverage": {
      "/Users/iD/Projects/Makers/TechTests/Deloitte_Raindrops_Tech_Test/spec/raindrops_spec.rb": [
        1,
        null,
        1,
        1,
        1,
        null,
        null,
        1,
        1,
        null,
        null,
        null,
        1,
        1,
        1,
        null,
        null,
        1,
        1,
        null,
        null,
        1,
        1,
        null,
        null,
        1,
        1,
        null,
        null,
        1,
        1,
        null,
        null
      ],
      "/Users/iD/Projects/Makers/TechTests/Deloitte_Raindrops_Tech_Test/lib/raindrops.rb": [
        null,
        1,
        17,
        null,
        null,
        1,
        5,
        5,
        5,
        5,
        5,
        null
      ]
    },
    "timestamp": 1526557265
  }
}
